  main.cpp
C:\컴퓨터그래픽스\25openGLProject\25openGLProject\main.cpp(95,48): warning C4267: '인수': 'size_t'에서 'GLsizei'(으)로 변환하면서 데이터가 손실될 수 있습니다.
C:\컴퓨터그래픽스\25openGLProject\25openGLProject\main.cpp(104,49): warning C4267: '인수': 'size_t'에서 'GLsizei'(으)로 변환하면서 데이터가 손실될 수 있습니다.
C:\컴퓨터그래픽스\25openGLProject\25openGLProject\main.cpp(112,48): warning C4267: '인수': 'size_t'에서 'GLsizei'(으)로 변환하면서 데이터가 손실될 수 있습니다.
C:\컴퓨터그래픽스\25openGLProject\25openGLProject\main.cpp(124,15): warning C4244: '초기화 중': 'double'에서 'float'(으)로 변환하면서 데이터가 손실될 수 있습니다.
C:\컴퓨터그래픽스\25openGLProject\25openGLProject\main.cpp(135,36): warning C4244: '인수': 'double'에서 'float'(으)로 변환하면서 데이터가 손실될 수 있습니다.
C:\컴퓨터그래픽스\25openGLProject\25openGLProject\main.cpp(136,36): warning C4244: '인수': 'double'에서 'float'(으)로 변환하면서 데이터가 손실될 수 있습니다.
C:\컴퓨터그래픽스\25openGLProject\25openGLProject\main.cpp(137,36): warning C4244: '인수': 'double'에서 'float'(으)로 변환하면서 데이터가 손실될 수 있습니다.
C:\컴퓨터그래픽스\25openGLProject\25openGLProject\main.cpp(163,38): warning C4244: '인수': 'double'에서 'float'(으)로 변환하면서 데이터가 손실될 수 있습니다.
C:\컴퓨터그래픽스\25openGLProject\25openGLProject\main.cpp(164,38): warning C4244: '인수': 'double'에서 'float'(으)로 변환하면서 데이터가 손실될 수 있습니다.
C:\컴퓨터그래픽스\25openGLProject\25openGLProject\main.cpp(165,38): warning C4244: '인수': 'double'에서 'float'(으)로 변환하면서 데이터가 손실될 수 있습니다.
C:\컴퓨터그래픽스\25openGLProject\25openGLProject\main.cpp(168,41): warning C4244: '인수': 'double'에서 'float'(으)로 변환하면서 데이터가 손실될 수 있습니다.
C:\컴퓨터그래픽스\25openGLProject\25openGLProject\main.cpp(194,38): warning C4244: '인수': 'double'에서 'float'(으)로 변환하면서 데이터가 손실될 수 있습니다.
C:\컴퓨터그래픽스\25openGLProject\25openGLProject\main.cpp(195,38): warning C4244: '인수': 'double'에서 'float'(으)로 변환하면서 데이터가 손실될 수 있습니다.
C:\컴퓨터그래픽스\25openGLProject\25openGLProject\main.cpp(196,38): warning C4244: '인수': 'double'에서 'float'(으)로 변환하면서 데이터가 손실될 수 있습니다.
C:\컴퓨터그래픽스\25openGLProject\25openGLProject\main.cpp(198,40): warning C4244: '인수': 'double'에서 'float'(으)로 변환하면서 데이터가 손실될 수 있습니다.
C:\컴퓨터그래픽스\25openGLProject\25openGLProject\main.cpp(237,19): warning C4244: '초기화 중': 'double'에서 'float'(으)로 변환하면서 데이터가 손실될 수 있습니다.
C:\컴퓨터그래픽스\25openGLProject\25openGLProject\main.cpp(159,43): warning C4101: 'rE' :참조되지 않은 지역 변수입니다.
C:\컴퓨터그래픽스\25openGLProject\25openGLProject\main.cpp(374,15): warning C4244: '초기화 중': 'double'에서 'float'(으)로 변환하면서 데이터가 손실될 수 있습니다.
  25openGLProject.vcxproj -> C:\컴퓨터그래픽스\25openGLProject\x64\Debug\25openGLProject.exe
